\BOOKMARK [0][-]{section*.1}{\376\377\000A\000b\000s\000t\000r\000a\000c\000t}{}% 1
\BOOKMARK [0][-]{section*.2}{\376\377\000R\000\351\000s\000u\000m\000\351}{}% 2
\BOOKMARK [0][-]{section*.3}{\376\377\000A\000c\000k\000n\000o\000w\000l\000e\000d\000g\000e\000m\000e\000n\000t\000s}{}% 3
\BOOKMARK [0][-]{section*.4}{\376\377\000P\000u\000b\000l\000i\000c\000a\000t\000i\000o\000n\000s}{}% 4
\BOOKMARK [0][-]{chapter.15}{\376\377\000I\000n\000t\000r\000o\000d\000u\000c\000t\000i\000o\000n}{}% 5
\BOOKMARK [1][-]{section.16}{\376\377\000S\000y\000n\000t\000h\000\350\000s\000e}{chapter.15}% 6
\BOOKMARK [2][-]{subsection.17}{\376\377\000C\000o\000n\000t\000e\000x\000t\000e}{section.16}% 7
\BOOKMARK [2][-]{subsection.18}{\376\377\000P\000r\000o\000b\000l\000\351\000m\000a\000t\000i\000q\000u\000e}{section.16}% 8
\BOOKMARK [2][-]{subsection.19}{\376\377\000\040\000Q\000u\000e\000s\000t\000i\000o\000n\000\040\000d\000e\000\040\000r\000e\000c\000h\000e\000r\000c\000h\000e\000\040}{section.16}% 9
\BOOKMARK [1][-]{section.20}{\376\377\000C\000o\000n\000t\000e\000x\000t}{chapter.15}% 10
\BOOKMARK [1][-]{section.21}{\376\377\000P\000r\000o\000b\000l\000e\000m}{chapter.15}% 11
\BOOKMARK [2][-]{subsection.22}{\376\377\000B\000a\000g\000g\000a\000g\000e\000\040\000i\000n\000s\000p\000e\000c\000t\000i\000o\000n}{section.21}% 12
\BOOKMARK [2][-]{subsection.23}{\376\377\000O\000c\000c\000l\000u\000s\000i\000o\000n\000\040\000m\000a\000n\000a\000g\000e\000m\000e\000n\000t\000\040\000u\000s\000i\000n\000g\000\040\000F\000o\000c\000u\000s\000+\000C\000o\000n\000t\000e\000x\000t\000\040\000t\000e\000c\000h\000n\000i\000q\000u\000e\000s}{section.21}% 13
\BOOKMARK [1][-]{section.24}{\376\377\000R\000e\000s\000e\000a\000r\000c\000h\000\040\000Q\000u\000e\000s\000t\000i\000o\000n}{chapter.15}% 14
\BOOKMARK [1][-]{section.25}{\376\377\000\040\000T\000h\000e\000s\000i\000s\000\040\000o\000u\000t\000l\000i\000n\000e\000\040}{chapter.15}% 15
\BOOKMARK [0][-]{chapter.26}{\376\377\000S\000t\000a\000t\000e\000\040\000o\000f\000\040\000t\000h\000e\000\040\000a\000r\000t}{}% 16
\BOOKMARK [1][-]{section.27}{\376\377\000S\000y\000n\000t\000h\000\350\000s\000e}{chapter.26}% 17
\BOOKMARK [1][-]{section.29}{\376\377\000I\000n\000t\000r\000o\000d\000u\000c\000t\000i\000o\000n}{chapter.26}% 18
\BOOKMARK [1][-]{section.30}{\376\377\000V\000o\000l\000u\000m\000e\000\040\000r\000e\000n\000d\000e\000r\000i\000n\000g\000\040\000a\000l\000g\000o\000r\000i\000t\000h\000m\000s}{chapter.26}% 19
\BOOKMARK [2][-]{subsection.31}{\376\377\000D\000i\000r\000e\000c\000t\000\040\000V\000o\000l\000u\000m\000e\000\040\000R\000e\000n\000d\000e\000r\000i\000n\000g}{section.30}% 20
\BOOKMARK [3][-]{subsubsection.32}{\376\377\000T\000e\000x\000t\000u\000r\000e\000\040\000m\000a\000p\000p\000i\000n\000g}{subsection.31}% 21
\BOOKMARK [3][-]{subsubsection.40}{\376\377\000R\000a\000y\000c\000a\000s\000t\000i\000n\000g}{subsection.31}% 22
\BOOKMARK [2][-]{subsection.42}{\376\377\000S\000u\000r\000f\000a\000c\000e\000-\000f\000i\000t\000t\000i\000n\000g}{section.30}% 23
\BOOKMARK [2][-]{subsection.44}{\376\377\000s\000u\000m\000m\000a\000r\000y}{section.30}% 24
\BOOKMARK [1][-]{section.45}{\376\377\000O\000c\000c\000l\000u\000s\000i\000o\000n\000\040\000m\000a\000n\000a\000g\000e\000m\000e\000n\000t\000\040\000s\000t\000r\000a\000t\000e\000g\000i\000e\000s}{chapter.26}% 25
\BOOKMARK [2][-]{subsection.46}{\376\377\000T\000r\000a\000n\000s\000f\000e\000r\000\040\000F\000u\000n\000c\000t\000i\000o\000n}{section.45}% 26
\BOOKMARK [2][-]{subsection.49}{\376\377\000S\000e\000g\000m\000e\000n\000t\000a\000t\000i\000o\000n}{section.45}% 27
\BOOKMARK [3][-]{subsubsection.50}{\376\377\000\040\000T\000h\000r\000e\000s\000h\000o\000l\000d\000i\000n\000g\000\040}{subsection.49}% 28
\BOOKMARK [3][-]{subsubsection.51}{\376\377\000\040\000C\000l\000u\000s\000t\000e\000r\000i\000n\000g\000\040}{subsection.49}% 29
\BOOKMARK [2][-]{subsection.52}{\376\377\000D\000e\000f\000o\000r\000m\000a\000t\000i\000o\000n\000s\000\040\000a\000n\000d\000\040\000F\000o\000c\000u\000s\000\040\000+\000\040\000C\000o\000n\000t\000e\000x\000t}{section.45}% 30
\BOOKMARK [3][-]{subsubsection.60}{\376\377\000R\000e\000q\000u\000i\000r\000e\000m\000e\000n\000t\000s}{subsection.52}% 31
\BOOKMARK [3][-]{subsubsection.61}{\376\377\000\040\000C\000o\000m\000p\000a\000r\000i\000s\000o\000n\000\040\000b\000e\000t\000w\000e\000e\000n\000\040\000t\000h\000e\000\040\000r\000e\000q\000u\000i\000r\000e\000m\000e\000n\000t\000s\000\040\000a\000n\000d\000\040\000t\000h\000e\000\040\000p\000r\000e\000v\000i\000o\000u\000s\000\040\000w\000o\000r\000k\000\040}{subsection.52}% 32
\BOOKMARK [2][-]{subsection.63}{\376\377\000s\000u\000m\000m\000a\000r\000y}{section.45}% 33
\BOOKMARK [1][-]{section.64}{\376\377\000V\000o\000l\000u\000m\000e\000\040\000r\000e\000n\000d\000e\000r\000i\000n\000g\000\040\000o\000n\000\040\000m\000o\000b\000i\000l\000e\000\040\000d\000e\000v\000i\000c\000e\000s\000\050\000\040\000M\000i\000x\000e\000d\000\040\000R\000e\000a\000l\000i\000t\000y\000,\000\040\000V\000i\000r\000t\000u\000a\000l\000\040\000R\000e\000a\000l\000i\000t\000y\000,\000\040\000a\000n\000d\000\040\000A\000u\000g\000m\000e\000n\000t\000e\000d\000\040\000R\000e\000a\000l\000i\000t\000y\000\051\000\040}{chapter.26}% 34
\BOOKMARK [2][-]{subsection.66}{\376\377\000s\000u\000m\000m\000a\000r\000y}{section.64}% 35
\BOOKMARK [1][-]{section.67}{\376\377\000C\000o\000n\000l\000u\000s\000i\000o\000n}{chapter.26}% 36
\BOOKMARK [0][-]{chapter.68}{\376\377\000U\000s\000e\000r\000\040\000S\000t\000u\000d\000y\000:\000\040\000I\000n\000t\000e\000r\000a\000c\000t\000i\000v\000e\000\040\000e\000x\000p\000l\000o\000r\000a\000t\000i\000o\000n\000\040\000o\000f\000\040\0003\000D\000\040\000s\000c\000a\000n\000n\000e\000d\000\040\000b\000a\000g\000g\000a\000g\000e}{}% 37
\BOOKMARK [1][-]{section.69}{\376\377\000S\000y\000n\000t\000h\000\350\000s\000e}{chapter.68}% 38
\BOOKMARK [1][-]{section.73}{\376\377\000\040\000P\000r\000e\000l\000i\000m\000i\000n\000a\000r\000y\000\040\000u\000s\000e\000r\000\040\000s\000t\000u\000d\000y\000\040}{chapter.68}% 39
\BOOKMARK [2][-]{subsection.74}{\376\377\000\040\000C\000o\000n\000t\000e\000x\000t\000u\000a\000l\000\040\000o\000b\000s\000e\000r\000v\000a\000t\000i\000o\000n\000s\000\040}{section.73}% 40
\BOOKMARK [2][-]{subsection.75}{\376\377\000\040\000l\000i\000m\000i\000t\000i\000n\000g\000\040\000f\000a\000c\000t\000o\000r\000s\000\040}{section.73}% 41
\BOOKMARK [2][-]{subsection.76}{\376\377\000I\000n\000t\000e\000r\000a\000c\000t\000i\000o\000n\000s}{section.73}% 42
\BOOKMARK [3][-]{subsubsection.78}{\376\377\000I\0001\000:\000\040\000S\000e\000l\000e\000c\000t\000i\000o\000n\000\040\000m\000e\000t\000h\000o\000d\000s}{subsection.76}% 43
\BOOKMARK [3][-]{subsubsection.81}{\376\377\000I\0002\000:\000\040\000F\000u\000n\000c\000t\000i\000o\000n\000\040\000S\000e\000l\000e\000c\000t\000i\000o\000n}{subsection.76}% 44
\BOOKMARK [3][-]{subsubsection.83}{\376\377\000I\0003\000:\000\040\000Z\000o\000o\000m\000\040\000M\000e\000t\000h\000o\000d\000s}{subsection.76}% 45
\BOOKMARK [3][-]{subsubsection.84}{\376\377\000I\0004\000:\000\040\000P\000a\000n\000\040\000M\000e\000t\000h\000o\000d\000s}{subsection.76}% 46
\BOOKMARK [3][-]{subsubsection.86}{\376\377\000I\0005\000:\000\040\000H\000e\000a\000t\000\040\000m\000a\000p}{subsection.76}% 47
\BOOKMARK [3][-]{subsubsection.88}{\376\377\000I\0006\000:\000\040\000I\000m\000p\000r\000o\000v\000e\000d\000\040\000M\000a\000g\000i\000c\000\040\000P\000o\000i\000n\000t\000i\000n\000g}{subsection.76}% 48
\BOOKMARK [2][-]{subsection.89}{\376\377\000E\000v\000a\000l\000u\000a\000t\000i\000o\000n\000\040\000o\000f\000\040\000t\000h\000e\000\040\000p\000r\000o\000t\000o\000t\000y\000p\000e}{section.73}% 49
\BOOKMARK [1][-]{section.90}{\376\377\000I\000n\000t\000r\000o\000d\000u\000c\000t\000i\000o\000n\000:\000\040\000I\000n\000t\000e\000r\000a\000c\000t\000i\000v\000e\000\040\000e\000x\000p\000l\000o\000r\000a\000t\000i\000o\000n\000\040\000o\000f\000\040\0003\000D\000\040\000s\000c\000a\000n\000n\000e\000d\000\040\000b\000a\000g\000g\000a\000g\000e}{chapter.68}% 50
\BOOKMARK [1][-]{section.91}{\376\377\000A\000c\000t\000i\000v\000i\000t\000y\000\040\000a\000n\000a\000l\000y\000s\000i\000s}{chapter.68}% 51
\BOOKMARK [2][-]{subsection.92}{\376\377\000T\000a\000s\000k\000\040\000d\000e\000s\000c\000r\000i\000p\000t\000i\000o\000n}{section.91}% 52
\BOOKMARK [3][-]{subsubsection.93}{\376\377\000T\000h\000e\000\040\000E\000q\000u\000i\000p\000m\000e\000n\000t}{subsection.92}% 53
\BOOKMARK [3][-]{subsubsection.95}{\376\377\000P\000r\000o\000h\000i\000b\000i\000t\000e\000d\000\040\000a\000r\000t\000i\000c\000l\000e\000s}{subsection.92}% 54
\BOOKMARK [3][-]{subsubsection.96}{\376\377\000S\000c\000a\000n\000\040\000a\000n\000a\000l\000y\000s\000i\000s}{subsection.92}% 55
\BOOKMARK [2][-]{subsection.101}{\376\377\000T\000h\000e\000\040\000a\000c\000t\000i\000v\000i\000t\000y\000\040\000i\000s\000s\000u\000e\000s}{section.91}% 56
\BOOKMARK [3][-]{subsubsection.103}{\376\377\000\040\000E\000r\000r\000o\000r\000\040\000T\000y\000p\000e\000s\000\040}{subsection.101}% 57
\BOOKMARK [3][-]{subsubsection.109}{\376\377\000\040\000D\000i\000s\000s\000i\000m\000u\000l\000a\000t\000i\000o\000n\000\040\000t\000e\000c\000h\000n\000i\000q\000u\000e\000s\000\040}{subsection.101}% 58
\BOOKMARK [2][-]{subsection.114}{\376\377\000\040\000R\000e\000q\000u\000i\000r\000e\000m\000e\000n\000t\000s\000\040}{section.91}% 59
\BOOKMARK [1][-]{section.115}{\376\377\000\040\000I\000n\000t\000e\000r\000a\000c\000t\000i\000v\000e\000\040\000e\000x\000p\000l\000o\000r\000a\000t\000i\000o\000n\000\040\000o\000f\000\040\0003\000D\000\040\000s\000c\000a\000n\000n\000e\000d\000\040\000b\000a\000g\000g\000a\000g\000e\000\040}{chapter.68}% 60
\BOOKMARK [2][-]{subsection.116}{\376\377\000T\000o\000p\000\040\000L\000e\000v\000e\000l\000\040\000S\000t\000r\000u\000c\000t\000u\000r\000e}{section.115}% 61
\BOOKMARK [2][-]{subsection.118}{\376\377\000I\000n\000t\000e\000r\000a\000c\000t\000i\000o\000n\000\040\000t\000e\000c\000h\000n\000i\000q\000u\000e\000s}{section.115}% 62
\BOOKMARK [3][-]{subsubsection.119}{\376\377\000\040\000T\000r\000a\000n\000s\000f\000e\000r\000\040\000f\000u\000n\000c\000t\000i\000o\000n\000\040\000e\000d\000i\000t\000i\000o\000n}{subsection.118}% 63
\BOOKMARK [3][-]{subsubsection.121}{\376\377\000\040\000O\000b\000j\000e\000c\000t\000s\000\040\000s\000e\000l\000e\000c\000t\000i\000o\000n\000\040\000a\000n\000d\000\040\000i\000n\000v\000e\000s\000t\000i\000g\000a\000t\000i\000o\000n}{subsection.118}% 64
\BOOKMARK [3][-]{subsubsection.126}{\376\377\000E\000x\000t\000e\000n\000d\000e\000d\000\040\000B\000r\000u\000s\000h\000i\000n\000g\000\040\000t\000e\000c\000h\000n\000i\000q\000u\000e\000s}{subsection.118}% 65
\BOOKMARK [3][-]{subsubsection.132}{\376\377\000S\000n\000a\000p\000s\000h\000o\000t\000s}{subsection.118}% 66
\BOOKMARK [3][-]{subsubsection.134}{\376\377\000D\000u\000a\000l\000\040\000t\000e\000m\000p\000o\000r\000a\000l\000\040\000i\000n\000s\000t\000a\000n\000c\000e\000\040\000n\000a\000v\000i\000g\000a\000t\000i\000o\000n}{subsection.118}% 67
\BOOKMARK [2][-]{subsection.136}{\376\377\000P\000o\000s\000s\000i\000b\000l\000e\000\040\000U\000s\000e\000\040\000C\000a\000s\000e\000s}{section.115}% 68
\BOOKMARK [3][-]{subsubsection.137}{\376\377\000\040\000I\000n\000s\000p\000e\000c\000t\000i\000o\000n\000\040\000o\000f\000\040\000a\000\040\000s\000u\000s\000p\000i\000c\000i\000o\000u\000s\000\040\000b\000a\000g\000g\000a\000g\000e\000\040}{subsection.136}% 69
\BOOKMARK [3][-]{subsubsection.141}{\376\377\000I\000n\000s\000p\000e\000c\000t\000i\000o\000n\000\040\000o\000f\000\040\000a\000\040\000b\000i\000g\000\040\000m\000e\000t\000a\000l\000l\000i\000c\000\040\000o\000b\000j\000e\000c\000t}{subsection.136}% 70
\BOOKMARK [2][-]{subsection.145}{\376\377\000T\000e\000c\000h\000n\000i\000c\000a\000l\000\040\000C\000o\000n\000s\000t\000r\000a\000i\000n\000t\000s\000\040\000a\000n\000d\000\040\000I\000m\000p\000l\000e\000m\000e\000n\000t\000a\000t\000i\000o\000n}{section.115}% 71
\BOOKMARK [3][-]{subsubsection.146}{\376\377\000O\000b\000j\000e\000c\000t\000\040\000s\000e\000l\000e\000c\000t\000i\000o\000n}{subsection.145}% 72
\BOOKMARK [3][-]{subsubsection.150}{\376\377\000O\000c\000c\000l\000u\000s\000i\000o\000n\000\040\000m\000i\000n\000i\000m\000i\000z\000a\000t\000i\000o\000n}{subsection.145}% 73
\BOOKMARK [3][-]{subsubsection.151}{\376\377\000E\000x\000t\000e\000n\000d\000e\000d\000\040\000b\000r\000u\000s\000h\000i\000n\000g\000\040\000t\000e\000c\000h\000n\000i\000q\000u\000e}{subsection.145}% 74
\BOOKMARK [2][-]{subsection.152}{\376\377\000D\000i\000s\000c\000u\000s\000s\000i\000o\000n\000\040\000a\000n\000d\000\040\000c\000o\000n\000c\000l\000u\000s\000i\000o\000n}{section.115}% 75
\BOOKMARK [0][-]{chapter.153}{\376\377\000I\000n\000t\000e\000r\000a\000c\000t\000i\000v\000e\000\040\000o\000b\000s\000t\000r\000u\000c\000t\000i\000o\000n\000-\000f\000r\000e\000e\000\040\000l\000e\000n\000s\000i\000n\000g\000\040\000f\000o\000r\000\040\000v\000o\000l\000u\000m\000e\000t\000r\000i\000c\000\040\000d\000a\000t\000a\000\040\000v\000i\000s\000u\000a\000l\000i\000z\000a\000t\000i\000o\000n}{}% 76
\BOOKMARK [1][-]{section.154}{\376\377\000S\000y\000n\000t\000h\000\350\000s\000e}{chapter.153}% 77
\BOOKMARK [2][-]{subsection.155}{\376\377\000C\000o\000n\000t\000r\000i\000b\000u\000t\000i\000o\000n}{section.154}% 78
\BOOKMARK [2][-]{subsection.156}{\376\377\000P\000r\000i\000n\000c\000i\000p\000e}{section.154}% 79
\BOOKMARK [3][-]{subsubsection.159}{\376\377\000C\000r\000\351\000e\000r\000\040\000u\000n\000e\000\040\000v\000u\000e\000\040\000d\000\351\000g\000a\000g\000\351\000e}{subsection.156}% 80
\BOOKMARK [3][-]{subsubsection.162}{\376\377\000D\000\351\000f\000i\000n\000i\000r\000\040\000u\000n\000\040\000l\000a\000r\000g\000e\000\040\000c\000h\000a\000m\000p\000\040\000d\000e\000\040\000v\000i\000s\000i\000o\000n}{subsection.156}% 81
\BOOKMARK [3][-]{subsubsection.164}{\376\377\000E\000x\000p\000l\000o\000r\000a\000t\000i\000o\000n\000\040\000i\000n\000t\000e\000r\000a\000c\000t\000i\000v\000e\000\040\000d\000e\000\040\000l\000a\000\040\000c\000i\000b\000l\000e}{subsection.156}% 82
\BOOKMARK [3][-]{subsubsection.171}{\376\377\000T\000r\000a\000n\000s\000i\000t\000i\000o\000n\000s\000\040\000f\000l\000u\000i\000d\000e\000s}{subsection.156}% 83
\BOOKMARK [1][-]{section.173}{\376\377\000I\000n\000t\000r\000o\000d\000u\000c\000t\000i\000o\000n}{chapter.153}% 84
\BOOKMARK [1][-]{section.174}{\376\377\000R\000e\000q\000u\000i\000r\000e\000m\000e\000n\000t\000s}{chapter.153}% 85
\BOOKMARK [2][-]{subsection.175}{\376\377\000D\000e\000t\000a\000i\000l\000e\000d\000\040\000c\000o\000n\000t\000r\000i\000b\000u\000t\000i\000o\000n\000s}{section.174}% 86
\BOOKMARK [1][-]{section.177}{\376\377\000P\000r\000i\000n\000c\000i\000p\000l\000e}{chapter.153}% 87
\BOOKMARK [2][-]{subsection.179}{\376\377\000C\000r\000e\000a\000t\000i\000n\000g\000\040\000a\000n\000\040\000u\000n\000o\000b\000s\000t\000r\000u\000c\000t\000e\000d\000\040\000v\000i\000e\000w}{section.177}% 88
\BOOKMARK [2][-]{subsection.182}{\376\377\000S\000e\000t\000t\000i\000n\000g\000\040\000a\000\040\000w\000i\000d\000e\000\040\000f\000i\000e\000l\000d\000\040\000o\000f\000\040\000v\000i\000e\000w}{section.177}% 89
\BOOKMARK [2][-]{subsection.184}{\376\377\000I\000n\000t\000e\000r\000a\000c\000t\000i\000v\000e\000\040\000e\000x\000p\000l\000o\000r\000a\000t\000i\000o\000n\000\040\000o\000f\000\040\000t\000h\000e\000\040\000t\000a\000r\000g\000e\000t}{section.177}% 90
\BOOKMARK [2][-]{subsection.192}{\376\377\000S\000m\000o\000o\000t\000h\000\040\000t\000r\000a\000n\000s\000i\000t\000i\000o\000n\000s}{section.177}% 91
\BOOKMARK [1][-]{section.195}{\376\377\000I\000m\000p\000l\000e\000m\000e\000n\000t\000a\000t\000i\000o\000n}{chapter.153}% 92
\BOOKMARK [1][-]{section.196}{\376\377\000A\000p\000p\000l\000i\000c\000a\000t\000i\000o\000n\000\040\000S\000c\000e\000n\000a\000r\000i\000o\000s}{chapter.153}% 93
\BOOKMARK [2][-]{subsection.197}{\376\377\000B\000a\000g\000g\000a\000g\000e\000\040\000i\000n\000s\000p\000e\000c\000t\000i\000o\000n\000:\000\040\000A\000n\000\040\000u\000n\000u\000s\000u\000a\000l\000\040\000b\000l\000u\000n\000t\000\040\000o\000b\000j\000e\000c\000t}{section.196}% 94
\BOOKMARK [3][-]{subsubsection.199}{\376\377\000E\000a\000r\000l\000y\000\040\000r\000e\000s\000u\000l\000t\000s}{subsection.197}% 95
\BOOKMARK [2][-]{subsection.209}{\376\377\000F\000l\000u\000i\000d\000\040\000f\000l\000o\000w\000:\000\040\000A\000\040\000d\000e\000e\000p\000-\000b\000u\000r\000i\000e\000d\000\040\000s\000p\000h\000e\000r\000i\000c\000a\000l\000\040\000v\000o\000r\000t\000e\000x}{section.196}% 96
\BOOKMARK [2][-]{subsection.211}{\376\377\000C\000h\000e\000s\000t\000\040\000s\000c\000a\000n\000:\000\040\000A\000\040\000h\000a\000r\000d\000\040\000t\000o\000\040\000s\000e\000e\000\040\000t\000u\000m\000o\000r}{section.196}% 97
\BOOKMARK [2][-]{subsection.214}{\376\377\000A\000i\000r\000c\000r\000a\000f\000t\000\040\000t\000r\000a\000j\000e\000c\000t\000o\000r\000i\000e\000s\000:\000\040\000O\000u\000t\000l\000i\000e\000r\000s\000\040\000i\000n\000\040\000t\000h\000e\000\040\000F\000r\000e\000n\000c\000h\000\040\000s\000k\000y}{section.196}% 98
\BOOKMARK [2][-]{subsection.216}{\376\377\000B\000r\000a\000i\000n\000\040\000f\000i\000b\000e\000r\000s\000:\000\040\000U\000n\000c\000l\000u\000t\000t\000e\000r\000i\000n\000g\000\040\000t\000h\000e\000\040\000b\000r\000i\000d\000g\000e}{section.196}% 99
\BOOKMARK [1][-]{section.218}{\376\377\000D\000i\000s\000c\000u\000s\000s\000i\000o\000n}{chapter.153}% 100
\BOOKMARK [1][-]{section.219}{\376\377\000C\000o\000n\000c\000l\000u\000s\000i\000o\000n\000s}{chapter.153}% 101
\BOOKMARK [0][-]{chapter.220}{\376\377\000V\000o\000l\000u\000m\000e\000\040\000r\000e\000n\000d\000e\000r\000i\000n\000g\000\040\000o\000n\000\040\000m\000o\000b\000i\000l\000e\000\040\000d\000e\000v\000i\000c\000e\000s\000\040\000\050\000V\000i\000r\000t\000u\000a\000l\000\040\000R\000e\000a\000l\000i\000t\000y\000,\000\040\000A\000u\000g\000m\000e\000n\000t\000e\000d\000\040\000R\000e\000a\000l\000i\000t\000y\000,\000\040\000M\000i\000x\000e\000d\000\040\000R\000e\000a\000l\000i\000t\000y\000\051\000\040}{}% 102
\BOOKMARK [1][-]{section.221}{\376\377\000S\000y\000n\000t\000h\000\350\000s\000e}{chapter.220}% 103
\BOOKMARK [1][-]{section.226}{\376\377\000I\000n\000t\000r\000o\000d\000u\000c\000t\000i\000o\000n}{chapter.220}% 104
\BOOKMARK [1][-]{section.227}{\376\377\000S\000t\000e\000r\000e\000o\000s\000c\000o\000p\000i\000c\000\040\0003\000D}{chapter.220}% 105
\BOOKMARK [1][-]{section.228}{\376\377\000\040\000V\000i\000r\000t\000u\000a\000l\000\040\000R\000e\000a\000l\000i\000t\000y\000\040\000\050\000V\000R\000\051}{chapter.220}% 106
\BOOKMARK [2][-]{subsection.229}{\376\377\000P\000C\000-\000c\000o\000n\000n\000e\000c\000t\000e\000d\000\040\000h\000e\000a\000d\000s\000e\000t\000s}{section.228}% 107
\BOOKMARK [3][-]{subsubsection.230}{\376\377\000I\000m\000p\000l\000e\000m\000e\000n\000t\000a\000t\000i\000o\000n}{subsection.229}% 108
\BOOKMARK [2][-]{subsection.232}{\376\377\000S\000t\000a\000n\000d\000a\000l\000o\000n\000e\000\040\000h\000e\000a\000d\000s\000e\000t\000s}{section.228}% 109
\BOOKMARK [1][-]{section.233}{\376\377\000\040\000A\000u\000g\000m\000e\000n\000t\000e\000d\000\040\000R\000e\000a\000l\000i\000t\000y\000\040\000\050\000A\000R\000\051}{chapter.220}% 110
\BOOKMARK [2][-]{subsection.234}{\376\377\000P\000o\000r\000t\000a\000b\000l\000e\000\040\000d\000e\000v\000i\000c\000e\000s}{section.233}% 111
\BOOKMARK [2][-]{subsection.236}{\376\377\000S\000m\000a\000r\000t\000\040\000g\000l\000a\000s\000s\000e\000s\000\040\000a\000n\000d\000\040\000A\000R\000\040\000h\000e\000a\000d\000s\000e\000t\000s}{section.233}% 112
\BOOKMARK [1][-]{section.237}{\376\377\000\040\000M\000i\000x\000e\000d\000\040\000R\000e\000a\000l\000i\000t\000y\000\040\000\050\000M\000R\000\051}{chapter.220}% 113
\BOOKMARK [2][-]{subsection.238}{\376\377\000I\000m\000p\000l\000e\000m\000e\000n\000t\000a\000t\000i\000o\000n}{section.237}% 114
\BOOKMARK [3][-]{subsubsection.239}{\376\377\000C\000o\000m\000p\000u\000t\000a\000t\000i\000o\000n\000\040\000o\000n\000\040\000t\000h\000e\000\040\000h\000o\000l\000o\000l\000e\000n\000s}{subsection.238}% 115
\BOOKMARK [3][-]{subsubsection.242}{\376\377\000\040\000H\000o\000l\000o\000g\000r\000a\000p\000h\000i\000c\000\040\000r\000e\000m\000o\000t\000i\000n\000g\000\040}{subsection.238}% 116
\BOOKMARK [0][-]{chapter.244}{\376\377\000\040\000C\000o\000n\000c\000l\000u\000s\000i\000o\000n\000\040}{}% 117
\BOOKMARK [1][-]{section.245}{\376\377\000S\000y\000n\000t\000h\000\350\000s\000e}{chapter.244}% 118
\BOOKMARK [1][-]{section.246}{\376\377\000s\000u\000m\000m\000a\000r\000y}{chapter.244}% 119
\BOOKMARK [2][-]{subsection.247}{\376\377\000\040\000D\000e\000s\000i\000g\000n\000\040\000S\000t\000u\000d\000y\000:\000\040\000I\000n\000t\000e\000r\000a\000c\000t\000i\000v\000e\000\040\000e\000x\000p\000l\000o\000r\000a\000t\000i\000o\000n\000\040\000o\000f\000\040\0003\000D\000\040\000s\000c\000a\000n\000n\000e\000d\000\040\000b\000a\000g\000g\000a\000g\000e\000\040}{section.246}% 120
\BOOKMARK [2][-]{subsection.248}{\376\377\000I\000n\000t\000e\000r\000a\000c\000t\000i\000v\000e\000\040\000o\000b\000s\000t\000r\000u\000c\000t\000i\000o\000n\000-\000f\000r\000e\000e\000\040\000l\000e\000n\000s\000i\000n\000g\000\040\000f\000o\000r\000\040\000v\000o\000l\000u\000m\000e\000t\000r\000i\000c\000\040\000d\000a\000t\000a\000\040\000v\000i\000s\000u\000a\000l\000i\000z\000a\000t\000i\000o\000n\000\040}{section.246}% 121
\BOOKMARK [1][-]{section.249}{\376\377\000P\000e\000r\000s\000p\000e\000c\000t\000i\000v\000e\000\040\000a\000n\000d\000\040\000f\000u\000t\000u\000r\000e\000\040\000w\000o\000r\000k}{chapter.244}% 122
\BOOKMARK [0][-]{appendix.250}{\376\377\000Q\000u\000e\000s\000t\000i\000o\000n\000n\000a\000i\000r\000e}{}% 123
\BOOKMARK [1][-]{section.251}{\376\377\000I\000n\000f\000o\000r\000m\000a\000t\000i\000o\000n}{appendix.250}% 124
\BOOKMARK [1][-]{section.253}{\376\377\000S\000c\000e\000n\000a\000r\000i\000o\000\040\0001\000:\000\040\000R\000a\000n\000d\000o\000m\000\040\000O\000b\000s\000e\000r\000v\000a\000t\000i\000o\000n\000\040}{appendix.250}% 125
\BOOKMARK [1][-]{section.257}{\376\377\000S\000c\000e\000n\000a\000r\000i\000o\000\040\0002\000:\000\040\000O\000b\000s\000e\000r\000v\000a\000t\000i\000o\000n\000\040\000o\000f\000\040\000a\000n\000\040\000a\000r\000e\000a\000\040\000o\000f\000\040\000i\000n\000t\000e\000r\000e\000s\000t\000\040}{appendix.250}% 126
\BOOKMARK [1][-]{section.261}{\376\377\000S\000u\000g\000g\000e\000s\000t\000i\000o\000n\000s}{appendix.250}% 127
\BOOKMARK [0][-]{appendix*.262}{\376\377\000B\000i\000b\000l\000i\000o\000g\000r\000a\000p\000h\000y}{}% 128
